{"/Users/montoyaedu/tdd-app/src/router.js": {"path":"/Users/montoyaedu/tdd-app/src/router.js","statementMap":{"0":{"start":{"line":1,"column":0},"end":{"line":null,"column":-1}},"1":{"start":{"line":2,"column":0},"end":{"line":null,"column":-1}},"2":{"start":{"line":4,"column":0},"end":{"line":null,"column":-1}}},"fnMap":{},"branchMap":{},"s":{"0":0,"1":0,"2":0},"f":{},"b":{}}
,"/Users/montoyaedu/tdd-app/src/components/VUserProfile.vue": {"path":"/Users/montoyaedu/tdd-app/src/components/VUserProfile.vue","statementMap":{"0":{"start":{"line":8,"column":0},"end":{"line":null,"column":-1}}},"fnMap":{"0":{"name":"(anonymous_1)","decl":{"start":{"line":8,"column":0},"end":{"line":null,"column":-1}},"loc":{"start":{"line":8,"column":0},"end":{"line":null,"column":-1}}}},"branchMap":{},"s":{"0":2},"f":{"0":2},"b":{}}
,"/Users/montoyaedu/tdd-app/src/store/index.js": {"path":"/Users/montoyaedu/tdd-app/src/store/index.js","statementMap":{"0":{"start":{"line":1,"column":0},"end":{"line":null,"column":-1}},"1":{"start":{"line":2,"column":0},"end":{"line":null,"column":-1}},"2":{"start":{"line":3,"column":0},"end":{"line":null,"column":-1}},"3":{"start":{"line":4,"column":0},"end":{"line":null,"column":-1}},"4":{"start":{"line":5,"column":0},"end":{"line":null,"column":-1}},"5":{"start":{"line":6,"column":0},"end":{"line":null,"column":-1}}},"fnMap":{},"branchMap":{},"s":{"0":0,"1":0,"2":0,"3":0,"4":0,"5":0},"f":{},"b":{}}
,"/Users/montoyaedu/tdd-app/src/store/state.js": {"path":"/Users/montoyaedu/tdd-app/src/store/state.js","statementMap":{},"fnMap":{},"branchMap":{},"s":{},"f":{},"b":{},"_coverageSchema":"332fd63041d2c1bcb487cc26dd0d5f7d97098a6c","hash":"e923b2bc0d8869a0337b0fe9cd8ee8bee35a7176"}
,"/Users/montoyaedu/tdd-app/src/views/UserView.vue": {"path":"/Users/montoyaedu/tdd-app/src/views/UserView.vue","statementMap":{"0":{"start":{"line":2,"column":0},"end":{"line":null,"column":-1}},"1":{"start":{"line":3,"column":0},"end":{"line":null,"column":-1}},"2":{"start":{"line":4,"column":0},"end":{"line":null,"column":-1}}},"fnMap":{},"branchMap":{},"s":{"0":5,"1":5,"2":5},"f":{},"b":{}}
}
